<?xml version="1.0" encoding="UTF-8" ?>
<testsuites name="vitest tests" tests="10" failures="0" errors="0" time="2.78">
    <testsuite name="src/tools/__tests__/getAllCountries.ts" timestamp="2023-06-11T12:32:12.862Z" hostname="fv-az454-95" tests="1" failures="0" errors="0" skipped="0" time="0.008">
        <testcase classname="src/tools/__tests__/getAllCountries.ts" name="returns expected list of countries" time="0.005">
        </testcase>
    </testsuite>
    <testsuite name="src/tools/__tests__/getBytesWithUnit.ts" timestamp="2023-06-11T12:32:12.864Z" hostname="fv-az454-95" tests="2" failures="0" errors="0" skipped="0" time="0.006">
        <testcase classname="src/tools/__tests__/getBytesWithUnit.ts" name="getBytesWithUnit &gt; can convert a bytes value into the most appropriate unit" time="0.002">
        </testcase>
        <testcase classname="src/tools/__tests__/getBytesWithUnit.ts" name="getBytesWithUnit &gt; can convert a bytes value into the most appropriate unit with a given precision" time="0">
        </testcase>
    </testsuite>
    <testsuite name="src/tools/__tests__/hasRight.ts" timestamp="2023-06-11T12:32:12.873Z" hostname="fv-az454-95" tests="3" failures="0" errors="0" skipped="0" time="0.005">
        <testcase classname="src/tools/__tests__/hasRight.ts" name="returns true for user with given right" time="0.002">
        </testcase>
        <testcase classname="src/tools/__tests__/hasRight.ts" name="returns false for user without given right" time="0">
        </testcase>
        <testcase classname="src/tools/__tests__/hasRight.ts" name="returns false for user with no rights" time="0.001">
        </testcase>
    </testsuite>
    <testsuite name="src/tools/__tests__/isAdmin.ts" timestamp="2023-06-11T12:32:12.876Z" hostname="fv-az454-95" tests="2" failures="0" errors="0" skipped="0" time="0.005">
        <testcase classname="src/tools/__tests__/isAdmin.ts" name="returns true for admin user" time="0.002">
        </testcase>
        <testcase classname="src/tools/__tests__/isAdmin.ts" name="returns false for non-admin user" time="0">
        </testcase>
    </testsuite>
    <testsuite name="src/tools/__tests__/isOctave.ts" timestamp="2023-06-11T12:32:12.877Z" hostname="fv-az454-95" tests="2" failures="0" errors="0" skipped="0" time="0.005">
        <testcase classname="src/tools/__tests__/isOctave.ts" name="returns true for user account type as &quot;BROOKLYN&quot;" time="0.002">
        </testcase>
        <testcase classname="src/tools/__tests__/isOctave.ts" name="returns false for account type other than &quot;BROOKLYN&quot;" time="0">
        </testcase>
    </testsuite>
</testsuites>
